ValidationError: The 'X-Forwarded-For' header is set but the Express 'trust proxy' setting is false (default). This could indicate a misconfiguration which would prevent express-rate-limit from accurately identifying users. See https://express-rate-limit.github.io/ERR_ERL_UNEXPECTED_X_FORWARDED_FOR/ for more information.
    at Object.xForwardedForHeader (/home/seminari/nodevenv/seminario-dist/20/lib/node_modules/express-rate-limit/dist/index.cjs:167:13)
    at wrappedValidations.<computed> [as xForwardedForHeader] (/home/seminari/nodevenv/seminario-dist/20/lib/node_modules/express-rate-limit/dist/index.cjs:362:22)
    at Object.keyGenerator (/home/seminari/nodevenv/seminario-dist/20/lib/node_modules/express-rate-limit/dist/index.cjs:617:20)
    at /home/seminari/nodevenv/seminario-dist/20/lib/node_modules/express-rate-limit/dist/index.cjs:670:32
    at process.processTicksAndRejections (node:internal/process/task_queues:95:5)
    at async /home/seminari/nodevenv/seminario-dist/20/lib/node_modules/express-rate-limit/dist/index.cjs:650:5 {
  code: 'ERR_ERL_UNEXPECTED_X_FORWARDED_FOR',
  help: 'https://express-rate-limit.github.io/ERR_ERL_UNEXPECTED_X_FORWARDED_FOR/'
}
ValidationError: The 'X-Forwarded-For' header is set but the Express 'trust proxy' setting is false (default). This could indicate a misconfiguration which would prevent express-rate-limit from accurately identifying users. See https://express-rate-limit.github.io/ERR_ERL_UNEXPECTED_X_FORWARDED_FOR/ for more information.
    at Object.xForwardedForHeader (/home/seminari/nodevenv/seminario-dist/20/lib/node_modules/express-rate-limit/dist/index.cjs:167:13)
    at wrappedValidations.<computed> [as xForwardedForHeader] (/home/seminari/nodevenv/seminario-dist/20/lib/node_modules/express-rate-limit/dist/index.cjs:362:22)
    at Object.keyGenerator (/home/seminari/nodevenv/seminario-dist/20/lib/node_modules/express-rate-limit/dist/index.cjs:617:20)
    at /home/seminari/nodevenv/seminario-dist/20/lib/node_modules/express-rate-limit/dist/index.cjs:670:32
    at process.processTicksAndRejections (node:internal/process/task_queues:95:5)
    at async /home/seminari/nodevenv/seminario-dist/20/lib/node_modules/express-rate-limit/dist/index.cjs:650:5 {
  code: 'ERR_ERL_UNEXPECTED_X_FORWARDED_FOR',
  help: 'https://express-rate-limit.github.io/ERR_ERL_UNEXPECTED_X_FORWARDED_FOR/'
}
ValidationError: The 'X-Forwarded-For' header is set but the Express 'trust proxy' setting is false (default). This could indicate a misconfiguration which would prevent express-rate-limit from accurately identifying users. See https://express-rate-limit.github.io/ERR_ERL_UNEXPECTED_X_FORWARDED_FOR/ for more information.
    at Object.xForwardedForHeader (/home/seminari/nodevenv/seminario-dist/20/lib/node_modules/express-rate-limit/dist/index.cjs:167:13)
    at wrappedValidations.<computed> [as xForwardedForHeader] (/home/seminari/nodevenv/seminario-dist/20/lib/node_modules/express-rate-limit/dist/index.cjs:362:22)
    at Object.keyGenerator (/home/seminari/nodevenv/seminario-dist/20/lib/node_modules/express-rate-limit/dist/index.cjs:617:20)
    at /home/seminari/nodevenv/seminario-dist/20/lib/node_modules/express-rate-limit/dist/index.cjs:670:32
    at process.processTicksAndRejections (node:internal/process/task_queues:95:5)
    at async /home/seminari/nodevenv/seminario-dist/20/lib/node_modules/express-rate-limit/dist/index.cjs:650:5 {
  code: 'ERR_ERL_UNEXPECTED_X_FORWARDED_FOR',
  help: 'https://express-rate-limit.github.io/ERR_ERL_UNEXPECTED_X_FORWARDED_FOR/'
}
